2026-05-09T10:25:24.056+02:00  INFO 10496 --- [eureka-service] [main] [                                                 ] c.leoga.jobapp.eureka.EurekaApplication  : Starting EurekaApplication using Java 26.0.1 with PID 10496 (C:\Users\leoga\Formación\Proyectos\Course 1\jobapp-microservices\eureka\target\classes started by leoga in C:\Users\leoga\Formación\Proyectos\Course 1\jobapp-microservices)
2026-05-09T10:25:24.072+02:00  INFO 10496 --- [eureka-service] [main] [                                                 ] c.leoga.jobapp.eureka.EurekaApplication  : No active profile set, falling back to 1 default profile: "default"
2026-05-09T10:25:25.482+02:00  INFO 10496 --- [eureka-service] [main] [                                                 ] o.s.cloud.context.scope.GenericScope     : BeanFactory id=a05a29c3-43b4-324d-acdb-ef37dc83bcfe
2026-05-09T10:25:25.863+02:00  INFO 10496 --- [eureka-service] [main] [                                                 ] o.s.boot.tomcat.TomcatWebServer          : Tomcat initialized with port 8761 (http)
2026-05-09T10:25:25.908+02:00  INFO 10496 --- [eureka-service] [main] [                                                 ] o.apache.catalina.core.StandardService   : Starting service [Tomcat]
2026-05-09T10:25:25.912+02:00  INFO 10496 --- [eureka-service] [main] [                                                 ] o.apache.catalina.core.StandardEngine    : Starting Servlet engine: [Apache Tomcat/11.0.20]
2026-05-09T10:25:26.156+02:00  INFO 10496 --- [eureka-service] [main] [                                                 ] b.w.c.s.WebApplicationContextInitializer : Root WebApplicationContext: initialization completed in 2019 ms
2026-05-09T10:25:27.660+02:00  INFO 10496 --- [eureka-service] [main] [                                                 ] c.n.d.provider.DiscoveryJerseyProvider   : Using JSON encoding codec LegacyJacksonJson
2026-05-09T10:25:27.661+02:00  INFO 10496 --- [eureka-service] [main] [                                                 ] c.n.d.provider.DiscoveryJerseyProvider   : Using JSON decoding codec LegacyJacksonJson
2026-05-09T10:25:27.940+02:00  INFO 10496 --- [eureka-service] [main] [                                                 ] c.n.d.provider.DiscoveryJerseyProvider   : Using XML encoding codec XStreamXml
2026-05-09T10:25:27.940+02:00  INFO 10496 --- [eureka-service] [main] [                                                 ] c.n.d.provider.DiscoveryJerseyProvider   : Using XML decoding codec XStreamXml
2026-05-09T10:25:28.191+02:00  INFO 10496 --- [eureka-service] [main] [                                                 ] o.s.v.b.OptionalValidatorFactoryBean     : Failed to set up a Bean Validation provider: jakarta.validation.NoProviderFoundException: Unable to create a Configuration, because no Jakarta Validation provider could be found. Add a provider like Hibernate Validator (RI) to your classpath.
2026-05-09T10:25:29.750+02:00  INFO 10496 --- [eureka-service] [main] [                                                 ] o.s.cloud.commons.util.InetUtils         : Cannot determine local hostname
2026-05-09T10:25:31.158+02:00  INFO 10496 --- [eureka-service] [main] [                                                 ] o.s.cloud.commons.util.InetUtils         : Cannot determine local hostname
2026-05-09T10:25:31.215+02:00  WARN 10496 --- [eureka-service] [main] [                                                 ] iguration$LoadBalancerCaffeineWarnLogger : Spring Cloud LoadBalancer is currently working with the default cache. While this cache implementation is useful for development and tests, it's recommended to use Caffeine cache in production.You can switch to using Caffeine cache, by adding it and org.springframework.cache.caffeine.CaffeineCacheManager to the classpath.
2026-05-09T10:25:31.246+02:00  INFO 10496 --- [eureka-service] [main] [                                                 ] o.s.c.n.eureka.InstanceInfoFactory       : Setting initial instance status as: STARTING
2026-05-09T10:25:31.277+02:00  INFO 10496 --- [eureka-service] [main] [                                                 ] com.netflix.discovery.DiscoveryClient    : Initializing Eureka in region us-east-1
2026-05-09T10:25:31.278+02:00  INFO 10496 --- [eureka-service] [main] [                                                 ] com.netflix.discovery.DiscoveryClient    : Client configured to neither register nor query for data.
2026-05-09T10:25:31.280+02:00  INFO 10496 --- [eureka-service] [main] [                                                 ] com.netflix.discovery.DiscoveryClient    : Discovery Client initialized at timestamp 1778315131279 with initial instances count: 0
2026-05-09T10:25:31.339+02:00  INFO 10496 --- [eureka-service] [main] [                                                 ] c.n.eureka.DefaultEurekaServerContext    : Initializing ...
2026-05-09T10:25:31.342+02:00  WARN 10496 --- [eureka-service] [main] [                                                 ] c.n.eureka.cluster.PeerEurekaNodes       : The replica size seems to be empty. Check the route 53 DNS Registry
2026-05-09T10:25:31.359+02:00  INFO 10496 --- [eureka-service] [main] [                                                 ] c.n.e.registry.AbstractInstanceRegistry  : Finished initializing remote region registries. All known remote regions: []
2026-05-09T10:25:31.360+02:00  INFO 10496 --- [eureka-service] [main] [                                                 ] c.n.eureka.DefaultEurekaServerContext    : Initialized
2026-05-09T10:25:31.375+02:00  INFO 10496 --- [eureka-service] [main] [                                                 ] o.s.b.a.e.web.EndpointLinksResolver      : Exposing 2 endpoints beneath base path '/actuator'
2026-05-09T10:25:31.474+02:00  INFO 10496 --- [eureka-service] [main] [                                                 ] o.s.c.n.e.s.EurekaServiceRegistry        : Registering application EUREKA-SERVICE with eureka with status UP
2026-05-09T10:25:31.489+02:00  INFO 10496 --- [eureka-service] [main] [                                                 ] o.s.boot.tomcat.TomcatWebServer          : Tomcat started on port 8761 (http) with context path '/'
2026-05-09T10:25:31.489+02:00  INFO 10496 --- [eureka-service] [Thread-10] [                                                 ] o.s.c.n.e.server.EurekaServerBootstrap   : isAws returned false
2026-05-09T10:25:31.490+02:00  INFO 10496 --- [eureka-service] [Thread-10] [                                                 ] o.s.c.n.e.server.EurekaServerBootstrap   : Initialized server context
2026-05-09T10:25:31.490+02:00  INFO 10496 --- [eureka-service] [main] [                                                 ] .s.c.n.e.s.EurekaAutoServiceRegistration : Updating port to 8761
2026-05-09T10:25:31.490+02:00  INFO 10496 --- [eureka-service] [Thread-10] [                                                 ] c.n.e.r.PeerAwareInstanceRegistryImpl    : Got 1 instances from neighboring DS node
2026-05-09T10:25:31.490+02:00  INFO 10496 --- [eureka-service] [Thread-10] [                                                 ] c.n.e.r.PeerAwareInstanceRegistryImpl    : Renew threshold is: 1
2026-05-09T10:25:31.490+02:00  INFO 10496 --- [eureka-service] [Thread-10] [                                                 ] c.n.e.r.PeerAwareInstanceRegistryImpl    : Changing status to UP
2026-05-09T10:25:31.493+02:00  INFO 10496 --- [eureka-service] [Thread-10] [                                                 ] e.s.EurekaServerInitializerConfiguration : Started Eureka Server
2026-05-09T10:25:32.497+02:00  INFO 10496 --- [eureka-service] [main] [                                                 ] o.s.cloud.commons.util.InetUtils         : Cannot determine local hostname
2026-05-09T10:25:32.509+02:00  INFO 10496 --- [eureka-service] [main] [                                                 ] c.leoga.jobapp.eureka.EurekaApplication  : Started EurekaApplication in 10.171 seconds (process running for 12.071)
2026-05-09T10:26:06.965+02:00  INFO 10496 --- [eureka-service] [http-nio-8761-exec-1] [                                                 ] o.a.c.c.C.[Tomcat].[localhost].[/]       : Initializing Spring DispatcherServlet 'dispatcherServlet'
2026-05-09T10:26:06.965+02:00  INFO 10496 --- [eureka-service] [http-nio-8761-exec-1] [                                                 ] o.s.web.servlet.DispatcherServlet        : Initializing Servlet 'dispatcherServlet'
2026-05-09T10:26:06.972+02:00  INFO 10496 --- [eureka-service] [http-nio-8761-exec-1] [                                                 ] o.s.web.servlet.DispatcherServlet        : Completed initialization in 6 ms
2026-05-09T10:26:07.457+02:00  INFO 10496 --- [eureka-service] [http-nio-8761-exec-2] [69feef9f350edff99202f186649dd31a-9202f186649dd31a] c.n.e.registry.AbstractInstanceRegistry  : Registered instance JOB-SERVICE/localhost:job-service:8081 with status UP (replication=false)
2026-05-09T10:26:07.613+02:00  INFO 10496 --- [eureka-service] [http-nio-8761-exec-4] [69feef9f6ff1ee2cb617de8c9ee36fb9-b617de8c9ee36fb9] c.n.e.registry.AbstractInstanceRegistry  : Registered instance COMPANY-SERVICE/localhost:company-service:8082 with status UP (replication=false)
2026-05-09T10:26:08.158+02:00  WARN 10496 --- [eureka-service] [AsyncReporter{ZipkinHttpClientSender{http://localhost:9411/api/v2/spans}}] [                                                 ] z.r.i.AsyncReporter$BoundedAsyncReporter : Spans were dropped due to exceptions. All subsequent errors will be logged at FINE level.
2026-05-09T10:26:08.158+02:00  WARN 10496 --- [eureka-service] [AsyncReporter{ZipkinHttpClientSender{http://localhost:9411/api/v2/spans}}] [                                                 ] z.r.i.AsyncReporter$BoundedAsyncReporter : Dropped 4 spans due to ConnectException(Connection refused: getsockopt)

java.net.ConnectException: Connection refused: getsockopt
	at java.net.http/jdk.internal.net.http.HttpClientImpl.send(HttpClientImpl.java:1044) ~[java.net.http:na]
	at java.net.http/jdk.internal.net.http.HttpClientFacade.send(HttpClientFacade.java:133) ~[java.net.http:na]
	at org.springframework.boot.zipkin.autoconfigure.ZipkinHttpClientSender.postSpans(ZipkinHttpClientSender.java:59) ~[spring-boot-zipkin-4.0.5.jar:4.0.5]
	at org.springframework.boot.zipkin.autoconfigure.HttpSender.postSpans(HttpSender.java:69) ~[spring-boot-zipkin-4.0.5.jar:4.0.5]
	at org.springframework.boot.zipkin.autoconfigure.HttpSender.postSpans(HttpSender.java:41) ~[spring-boot-zipkin-4.0.5.jar:4.0.5]
	at zipkin2.reporter.BaseHttpSender.send(BaseHttpSender.java:123) ~[zipkin-reporter-3.5.3.jar:na]
	at zipkin2.reporter.internal.AsyncReporter$BoundedAsyncReporter.flush(AsyncReporter.java:266) ~[zipkin-reporter-3.5.3.jar:na]
	at zipkin2.reporter.internal.AsyncReporter$Flusher.run(AsyncReporter.java:352) ~[zipkin-reporter-3.5.3.jar:na]
	at java.base/java.lang.Thread.run(Thread.java:1516) ~[na:na]
Caused by: java.net.ConnectException: Connection refused: getsockopt
	at java.base/sun.nio.ch.Net.pollConnect(Native Method) ~[na:na]
	at java.base/sun.nio.ch.Net.pollConnectNow(Net.java:642) ~[na:na]
	at java.base/sun.nio.ch.SocketChannelImpl.finishConnect(SocketChannelImpl.java:1043) ~[na:na]
	at java.net.http/jdk.internal.net.http.PlainHttpConnection$ConnectEvent.handle(PlainHttpConnection.java:134) ~[java.net.http:na]
	at java.net.http/jdk.internal.net.http.HttpClientImpl$SelectorManager.handleEvent(HttpClientImpl.java:1610) ~[java.net.http:na]
	at java.net.http/jdk.internal.net.http.HttpClientImpl$SelectorManager.lambda$run$3(HttpClientImpl.java:1555) ~[java.net.http:na]
	at java.base/java.util.ArrayList.forEach(ArrayList.java:1612) ~[na:na]
	at java.net.http/jdk.internal.net.http.HttpClientImpl$SelectorManager.run(HttpClientImpl.java:1555) ~[java.net.http:na]
	at java.base/java.lang.VirtualThread.run(VirtualThread.java:475) ~[na:na]

2026-05-09T10:26:08.983+02:00  INFO 10496 --- [eureka-service] [http-nio-8761-exec-6] [69feefa0fb67bd402347ede182b12132-2347ede182b12132] c.n.e.registry.AbstractInstanceRegistry  : Registered instance REVIEW-SERVICE/localhost:review-service:8083 with status UP (replication=false)
2026-05-09T10:26:31.492+02:00  INFO 10496 --- [eureka-service] [Eureka-EvictionTimer] [                                                 ] c.n.e.registry.AbstractInstanceRegistry  : Running the evict task with compensationTime 0ms
2026-05-09T10:27:31.492+02:00  INFO 10496 --- [eureka-service] [Eureka-EvictionTimer] [                                                 ] c.n.e.registry.AbstractInstanceRegistry  : Running the evict task with compensationTime 0ms
2026-05-09T10:28:17.636+02:00  INFO 10496 --- [eureka-service] [http-nio-8761-exec-3] [69fef0211370e7d4ea068bc9f882d99b-71e90dd6e6f86217] c.n.e.registry.AbstractInstanceRegistry  : Registered instance GATEWAY-SERVICE/192.168.1.14:gateway-service:8080 with status UP (replication=false)
2026-05-09T10:28:31.492+02:00  INFO 10496 --- [eureka-service] [Eureka-EvictionTimer] [                                                 ] c.n.e.registry.AbstractInstanceRegistry  : Running the evict task with compensationTime 0ms
2026-05-09T10:29:31.492+02:00  INFO 10496 --- [eureka-service] [Eureka-EvictionTimer] [                                                 ] c.n.e.registry.AbstractInstanceRegistry  : Running the evict task with compensationTime 0ms
2026-05-09T10:30:31.493+02:00  INFO 10496 --- [eureka-service] [Eureka-EvictionTimer] [                                                 ] c.n.e.registry.AbstractInstanceRegistry  : Running the evict task with compensationTime 0ms
2026-05-09T10:31:31.493+02:00  INFO 10496 --- [eureka-service] [Eureka-EvictionTimer] [                                                 ] c.n.e.registry.AbstractInstanceRegistry  : Running the evict task with compensationTime 0ms
2026-05-09T10:32:31.493+02:00  INFO 10496 --- [eureka-service] [Eureka-EvictionTimer] [                                                 ] c.n.e.registry.AbstractInstanceRegistry  : Running the evict task with compensationTime 0ms
2026-05-09T10:33:31.494+02:00  INFO 10496 --- [eureka-service] [Eureka-EvictionTimer] [                                                 ] c.n.e.registry.AbstractInstanceRegistry  : Running the evict task with compensationTime 0ms
2026-05-09T10:34:31.495+02:00  INFO 10496 --- [eureka-service] [Eureka-EvictionTimer] [                                                 ] c.n.e.registry.AbstractInstanceRegistry  : Running the evict task with compensationTime 1ms
2026-05-09T10:35:31.345+02:00  WARN 10496 --- [eureka-service] [Eureka-PeerNodesUpdater] [                                                 ] c.n.eureka.cluster.PeerEurekaNodes       : The replica size seems to be empty. Check the route 53 DNS Registry
2026-05-09T10:35:31.495+02:00  INFO 10496 --- [eureka-service] [Eureka-EvictionTimer] [                                                 ] c.n.e.registry.AbstractInstanceRegistry  : Running the evict task with compensationTime 0ms
2026-05-09T10:36:31.496+02:00  INFO 10496 --- [eureka-service] [Eureka-EvictionTimer] [                                                 ] c.n.e.registry.AbstractInstanceRegistry  : Running the evict task with compensationTime 0ms
2026-05-09T10:37:31.497+02:00  INFO 10496 --- [eureka-service] [Eureka-EvictionTimer] [                                                 ] c.n.e.registry.AbstractInstanceRegistry  : Running the evict task with compensationTime 1ms
2026-05-09T10:38:31.498+02:00  INFO 10496 --- [eureka-service] [Eureka-EvictionTimer] [                                                 ] c.n.e.registry.AbstractInstanceRegistry  : Running the evict task with compensationTime 0ms
2026-05-09T10:39:31.499+02:00  INFO 10496 --- [eureka-service] [Eureka-EvictionTimer] [                                                 ] c.n.e.registry.AbstractInstanceRegistry  : Running the evict task with compensationTime 1ms
2026-05-09T10:40:31.360+02:00  INFO 10496 --- [eureka-service] [ReplicaAwareInstanceRegistry - RenewalThresholdUpdater] [                                                 ] c.n.e.r.PeerAwareInstanceRegistryImpl    : Current renewal threshold is : 8
2026-05-09T10:40:31.500+02:00  INFO 10496 --- [eureka-service] [Eureka-EvictionTimer] [                                                 ] c.n.e.registry.AbstractInstanceRegistry  : Running the evict task with compensationTime 0ms
2026-05-09T10:41:31.501+02:00  INFO 10496 --- [eureka-service] [Eureka-EvictionTimer] [                                                 ] c.n.e.registry.AbstractInstanceRegistry  : Running the evict task with compensationTime 1ms
2026-05-09T10:42:31.501+02:00  INFO 10496 --- [eureka-service] [Eureka-EvictionTimer] [                                                 ] c.n.e.registry.AbstractInstanceRegistry  : Running the evict task with compensationTime 0ms
2026-05-09T10:43:31.502+02:00  INFO 10496 --- [eureka-service] [Eureka-EvictionTimer] [                                                 ] c.n.e.registry.AbstractInstanceRegistry  : Running the evict task with compensationTime 0ms
2026-05-09T10:44:31.503+02:00  INFO 10496 --- [eureka-service] [Eureka-EvictionTimer] [                                                 ] c.n.e.registry.AbstractInstanceRegistry  : Running the evict task with compensationTime 0ms
2026-05-09T10:45:31.347+02:00  WARN 10496 --- [eureka-service] [Eureka-PeerNodesUpdater] [                                                 ] c.n.eureka.cluster.PeerEurekaNodes       : The replica size seems to be empty. Check the route 53 DNS Registry
2026-05-09T10:45:31.503+02:00  INFO 10496 --- [eureka-service] [Eureka-EvictionTimer] [                                                 ] c.n.e.registry.AbstractInstanceRegistry  : Running the evict task with compensationTime 0ms
2026-05-09T10:46:31.503+02:00  INFO 10496 --- [eureka-service] [Eureka-EvictionTimer] [                                                 ] c.n.e.registry.AbstractInstanceRegistry  : Running the evict task with compensationTime 0ms
2026-05-09T10:47:31.504+02:00  INFO 10496 --- [eureka-service] [Eureka-EvictionTimer] [                                                 ] c.n.e.registry.AbstractInstanceRegistry  : Running the evict task with compensationTime 0ms
2026-05-09T10:48:31.506+02:00  INFO 10496 --- [eureka-service] [Eureka-EvictionTimer] [                                                 ] c.n.e.registry.AbstractInstanceRegistry  : Running the evict task with compensationTime 1ms
2026-05-09T10:49:31.506+02:00  INFO 10496 --- [eureka-service] [Eureka-EvictionTimer] [                                                 ] c.n.e.registry.AbstractInstanceRegistry  : Running the evict task with compensationTime 0ms
2026-05-09T10:50:31.507+02:00  INFO 10496 --- [eureka-service] [Eureka-EvictionTimer] [                                                 ] c.n.e.registry.AbstractInstanceRegistry  : Running the evict task with compensationTime 0ms
2026-05-09T10:51:31.508+02:00  INFO 10496 --- [eureka-service] [Eureka-EvictionTimer] [                                                 ] c.n.e.registry.AbstractInstanceRegistry  : Running the evict task with compensationTime 0ms
2026-05-09T10:52:31.508+02:00  INFO 10496 --- [eureka-service] [Eureka-EvictionTimer] [                                                 ] c.n.e.registry.AbstractInstanceRegistry  : Running the evict task with compensationTime 0ms
2026-05-09T10:53:31.508+02:00  INFO 10496 --- [eureka-service] [Eureka-EvictionTimer] [                                                 ] c.n.e.registry.AbstractInstanceRegistry  : Running the evict task with compensationTime 0ms
2026-05-09T10:54:31.509+02:00  INFO 10496 --- [eureka-service] [Eureka-EvictionTimer] [                                                 ] c.n.e.registry.AbstractInstanceRegistry  : Running the evict task with compensationTime 1ms
2026-05-09T10:55:31.348+02:00  WARN 10496 --- [eureka-service] [Eureka-PeerNodesUpdater] [                                                 ] c.n.eureka.cluster.PeerEurekaNodes       : The replica size seems to be empty. Check the route 53 DNS Registry
2026-05-09T10:55:31.360+02:00  INFO 10496 --- [eureka-service] [ReplicaAwareInstanceRegistry - RenewalThresholdUpdater] [                                                 ] c.n.e.r.PeerAwareInstanceRegistryImpl    : Current renewal threshold is : 8
2026-05-09T10:55:31.510+02:00  INFO 10496 --- [eureka-service] [Eureka-EvictionTimer] [                                                 ] c.n.e.registry.AbstractInstanceRegistry  : Running the evict task with compensationTime 1ms
2026-05-09T10:56:31.511+02:00  INFO 10496 --- [eureka-service] [Eureka-EvictionTimer] [                                                 ] c.n.e.registry.AbstractInstanceRegistry  : Running the evict task with compensationTime 0ms
2026-05-09T10:57:31.511+02:00  INFO 10496 --- [eureka-service] [Eureka-EvictionTimer] [                                                 ] c.n.e.registry.AbstractInstanceRegistry  : Running the evict task with compensationTime 0ms
2026-05-09T10:58:11.265+02:00  INFO 10496 --- [eureka-service] [http-nio-8761-exec-1] [69fef7233abcd269e47a6a1951e83a37-e47a6a1951e83a37] c.n.e.registry.AbstractInstanceRegistry  : Registered instance JOB-SERVICE/localhost:job-service:8081 with status DOWN (replication=false)
2026-05-09T10:58:15.127+02:00  INFO 10496 --- [eureka-service] [http-nio-8761-exec-10] [69fef72795004892ada10ce7ca584646-ada10ce7ca584646] c.n.e.registry.AbstractInstanceRegistry  : Cancelled instance JOB-SERVICE/localhost:job-service:8081 (replication=false)
2026-05-09T10:58:31.511+02:00  INFO 10496 --- [eureka-service] [Eureka-EvictionTimer] [                                                 ] c.n.e.registry.AbstractInstanceRegistry  : Running the evict task with compensationTime 0ms
2026-05-09T10:58:41.680+02:00  INFO 10496 --- [eureka-service] [http-nio-8761-exec-10] [69fef74192440f62a9508766a71aa1b8-a9508766a71aa1b8] c.n.e.registry.AbstractInstanceRegistry  : Registered instance JOB-SERVICE/localhost:job-service:8081 with status UP (replication=false)
2026-05-09T10:59:31.512+02:00  INFO 10496 --- [eureka-service] [Eureka-EvictionTimer] [                                                 ] c.n.e.registry.AbstractInstanceRegistry  : Running the evict task with compensationTime 0ms
2026-05-09T11:00:31.512+02:00  INFO 10496 --- [eureka-service] [Eureka-EvictionTimer] [                                                 ] c.n.e.registry.AbstractInstanceRegistry  : Running the evict task with compensationTime 0ms
2026-05-09T11:01:31.512+02:00  INFO 10496 --- [eureka-service] [Eureka-EvictionTimer] [                                                 ] c.n.e.registry.AbstractInstanceRegistry  : Running the evict task with compensationTime 0ms
2026-05-09T11:02:31.512+02:00  INFO 10496 --- [eureka-service] [Eureka-EvictionTimer] [                                                 ] c.n.e.registry.AbstractInstanceRegistry  : Running the evict task with compensationTime 0ms
2026-05-09T11:03:31.513+02:00  INFO 10496 --- [eureka-service] [Eureka-EvictionTimer] [                                                 ] c.n.e.registry.AbstractInstanceRegistry  : Running the evict task with compensationTime 0ms
2026-05-09T11:04:31.514+02:00  INFO 10496 --- [eureka-service] [Eureka-EvictionTimer] [                                                 ] c.n.e.registry.AbstractInstanceRegistry  : Running the evict task with compensationTime 0ms
2026-05-09T11:05:31.350+02:00  WARN 10496 --- [eureka-service] [Eureka-PeerNodesUpdater] [                                                 ] c.n.eureka.cluster.PeerEurekaNodes       : The replica size seems to be empty. Check the route 53 DNS Registry
2026-05-09T11:05:31.514+02:00  INFO 10496 --- [eureka-service] [Eureka-EvictionTimer] [                                                 ] c.n.e.registry.AbstractInstanceRegistry  : Running the evict task with compensationTime 0ms
2026-05-09T11:06:31.515+02:00  INFO 10496 --- [eureka-service] [Eureka-EvictionTimer] [                                                 ] c.n.e.registry.AbstractInstanceRegistry  : Running the evict task with compensationTime 0ms
2026-05-09T11:07:31.515+02:00  INFO 10496 --- [eureka-service] [Eureka-EvictionTimer] [                                                 ] c.n.e.registry.AbstractInstanceRegistry  : Running the evict task with compensationTime 0ms
2026-05-09T11:07:43.402+02:00  INFO 10496 --- [eureka-service] [http-nio-8761-exec-10] [69fef95fd053cc07071af264df37015a-071af264df37015a] c.n.e.registry.AbstractInstanceRegistry  : Registered instance JOB-SERVICE/localhost:job-service:8081 with status DOWN (replication=false)
2026-05-09T11:07:43.874+02:00  INFO 10496 --- [eureka-service] [http-nio-8761-exec-3] [69fef95fbd1dcf693c21f47bcb7053a1-3c21f47bcb7053a1] c.n.e.registry.AbstractInstanceRegistry  : Registered instance REVIEW-SERVICE/localhost:review-service:8083 with status DOWN (replication=false)
2026-05-09T11:07:44.403+02:00  INFO 10496 --- [eureka-service] [http-nio-8761-exec-2] [69fef9600eb39bb0adaee3e94fbad58e-adaee3e94fbad58e] c.n.e.registry.AbstractInstanceRegistry  : Registered instance COMPANY-SERVICE/localhost:company-service:8082 with status DOWN (replication=false)
2026-05-09T11:07:47.533+02:00  INFO 10496 --- [eureka-service] [http-nio-8761-exec-4] [69fef9632544d04e0a7146299dacce07-0a7146299dacce07] c.n.e.registry.AbstractInstanceRegistry  : Cancelled instance JOB-SERVICE/localhost:job-service:8081 (replication=false)
2026-05-09T11:07:49.009+02:00  INFO 10496 --- [eureka-service] [http-nio-8761-exec-1] [69fef965920f7042d02d36560dd3eb4c-d02d36560dd3eb4c] c.n.e.registry.AbstractInstanceRegistry  : Cancelled instance REVIEW-SERVICE/localhost:review-service:8083 (replication=false)
2026-05-09T11:07:49.945+02:00  INFO 10496 --- [eureka-service] [http-nio-8761-exec-3] [69fef96537dbe85dbf4d4f0ac3a9f435-bf4d4f0ac3a9f435] c.n.e.registry.AbstractInstanceRegistry  : Cancelled instance COMPANY-SERVICE/localhost:company-service:8082 (replication=false)
2026-05-09T11:08:09.192+02:00  INFO 10496 --- [eureka-service] [http-nio-8761-exec-5] [69fef9798f60e0ab7fe72bb90a802a7a-7fe72bb90a802a7a] c.n.e.registry.AbstractInstanceRegistry  : Registered instance JOB-SERVICE/localhost:job-service:8081 with status UP (replication=false)
2026-05-09T11:08:17.036+02:00  INFO 10496 --- [eureka-service] [http-nio-8761-exec-1] [69fef9813e064a63f6b8d18a3289a433-f6b8d18a3289a433] c.n.e.registry.AbstractInstanceRegistry  : Registered instance REVIEW-SERVICE/192.168.1.14:review-service:8083 with status UP (replication=false)
2026-05-09T11:08:17.143+02:00  INFO 10496 --- [eureka-service] [http-nio-8761-exec-9] [69fef981d6dffed8fddb295333f70b92-fddb295333f70b92] c.n.e.registry.AbstractInstanceRegistry  : Registered instance COMPANY-SERVICE/192.168.1.14:company-service:8082 with status UP (replication=false)
2026-05-09T11:08:31.516+02:00  INFO 10496 --- [eureka-service] [Eureka-EvictionTimer] [                                                 ] c.n.e.registry.AbstractInstanceRegistry  : Running the evict task with compensationTime 0ms
2026-05-09T11:09:31.516+02:00  INFO 10496 --- [eureka-service] [Eureka-EvictionTimer] [                                                 ] c.n.e.registry.AbstractInstanceRegistry  : Running the evict task with compensationTime 0ms
2026-05-09T11:10:31.382+02:00  INFO 10496 --- [eureka-service] [ReplicaAwareInstanceRegistry - RenewalThresholdUpdater] [                                                 ] c.n.e.r.PeerAwareInstanceRegistryImpl    : Current renewal threshold is : 8
2026-05-09T11:10:31.517+02:00  INFO 10496 --- [eureka-service] [Eureka-EvictionTimer] [                                                 ] c.n.e.registry.AbstractInstanceRegistry  : Running the evict task with compensationTime 1ms
2026-05-09T11:11:31.518+02:00  INFO 10496 --- [eureka-service] [Eureka-EvictionTimer] [                                                 ] c.n.e.registry.AbstractInstanceRegistry  : Running the evict task with compensationTime 0ms
2026-05-09T11:12:31.518+02:00  INFO 10496 --- [eureka-service] [Eureka-EvictionTimer] [                                                 ] c.n.e.registry.AbstractInstanceRegistry  : Running the evict task with compensationTime 0ms
2026-05-09T11:13:31.518+02:00  INFO 10496 --- [eureka-service] [Eureka-EvictionTimer] [                                                 ] c.n.e.registry.AbstractInstanceRegistry  : Running the evict task with compensationTime 0ms
2026-05-09T11:13:52.151+02:00  INFO 10496 --- [eureka-service] [http-nio-8761-exec-6] [69fefad0ca22deb74f556d8ce2bed8c4-4f556d8ce2bed8c4] c.n.e.registry.AbstractInstanceRegistry  : Registered instance JOB-SERVICE/localhost:job-service:8081 with status DOWN (replication=false)
2026-05-09T11:13:52.153+02:00  INFO 10496 --- [eureka-service] [http-nio-8761-exec-8] [69fefad04a1442250e8fc69892085ecb-0e8fc69892085ecb] c.n.e.registry.AbstractInstanceRegistry  : Registered instance REVIEW-SERVICE/192.168.1.14:review-service:8083 with status DOWN (replication=false)
2026-05-09T11:13:52.172+02:00  INFO 10496 --- [eureka-service] [http-nio-8761-exec-5] [69fefad0ff29b71de6ecdcee60562a34-e6ecdcee60562a34] c.n.e.registry.AbstractInstanceRegistry  : Registered instance COMPANY-SERVICE/192.168.1.14:company-service:8082 with status DOWN (replication=false)
2026-05-09T11:13:52.478+02:00  INFO 10496 --- [eureka-service] [http-nio-8761-exec-7] [69fefad042d085668425bf4f59238b03-d5bf63fa51082e99] c.n.e.registry.AbstractInstanceRegistry  : Registered instance GATEWAY-SERVICE/192.168.1.14:gateway-service:8080 with status DOWN (replication=false)
2026-05-09T11:13:52.488+02:00  INFO 10496 --- [eureka-service] [SpringApplicationShutdownHook] [                                                 ] o.s.c.n.e.s.EurekaServiceRegistry        : Unregistering application EUREKA-SERVICE with eureka with status DOWN
2026-05-09T11:13:52.655+02:00  INFO 10496 --- [eureka-service] [SpringApplicationShutdownHook] [                                                 ] o.s.boot.tomcat.GracefulShutdown         : Commencing graceful shutdown. Waiting for active requests to complete
2026-05-09T11:13:52.892+02:00  INFO 10496 --- [eureka-service] [tomcat-shutdown] [                                                 ] o.s.boot.tomcat.GracefulShutdown         : Graceful shutdown complete
2026-05-09T11:13:53.111+02:00  INFO 10496 --- [eureka-service] [SpringApplicationShutdownHook] [                                                 ] o.s.c.n.e.server.EurekaServerBootstrap   : Shutting down Eureka Server..
2026-05-09T11:13:53.111+02:00  INFO 10496 --- [eureka-service] [SpringApplicationShutdownHook] [                                                 ] c.n.eureka.DefaultEurekaServerContext    : Shutting down ...
2026-05-09T11:13:53.112+02:00  INFO 10496 --- [eureka-service] [SpringApplicationShutdownHook] [                                                 ] c.n.eureka.DefaultEurekaServerContext    : Shut down
2026-05-09T11:13:53.112+02:00  INFO 10496 --- [eureka-service] [SpringApplicationShutdownHook] [                                                 ] o.s.c.n.e.server.EurekaServerBootstrap   : Eureka Service is now shutdown...
2026-05-09T11:13:53.158+02:00  INFO 10496 --- [eureka-service] [SpringApplicationShutdownHook] [                                                 ] c.n.eureka.DefaultEurekaServerContext    : Shutting down ...
2026-05-09T11:13:53.159+02:00  INFO 10496 --- [eureka-service] [SpringApplicationShutdownHook] [                                                 ] c.n.eureka.DefaultEurekaServerContext    : Shut down
2026-05-09T11:13:53.864+02:00  INFO 10496 --- [eureka-service] [SpringApplicationShutdownHook] [                                                 ] com.netflix.discovery.DiscoveryClient    : Shutting down DiscoveryClient ...
2026-05-09T11:13:53.890+02:00  INFO 10496 --- [eureka-service] [SpringApplicationShutdownHook] [                                                 ] com.netflix.discovery.DiscoveryClient    : Completed shut down of DiscoveryClient
